<?xml version="1.0" encoding="UTF-8"?>
<coverage generated="1653954040302" clover="3.2.0">
  <project timestamp="1653954040302" name="All files">
    <metrics statements="13" coveredstatements="13" conditionals="8" coveredconditionals="7" methods="2" coveredmethods="2" elements="23" coveredelements="22" complexity="0" loc="13" ncloc="13" packages="1" files="1" classes="1"/>
    <file name="palindromo.js" path="/Users/franciscocabezas/Documents/TEL-335/2022_1/live_code/unit-tests/src/palindromo.js">
      <metrics statements="13" coveredstatements="13" conditionals="8" coveredconditionals="7" methods="2" coveredmethods="2"/>
      <line num="1" count="1" type="stmt"/>
      <line num="2" count="4" type="cond" truecount="2" falsecount="0"/>
      <line num="3" count="2" type="stmt"/>
      <line num="4" count="2" type="stmt"/>
      <line num="5" count="2" type="cond" truecount="2" falsecount="0"/>
      <line num="6" count="1" type="stmt"/>
      <line num="9" count="1" type="stmt"/>
      <line num="10" count="2" type="cond" truecount="1" falsecount="1"/>
      <line num="11" count="2" type="stmt"/>
      <line num="12" count="2" type="stmt"/>
      <line num="13" count="3" type="cond" truecount="2" falsecount="0"/>
      <line num="14" count="2" type="stmt"/>
      <line num="16" count="1" type="stmt"/>
    </file>
  </project>
</coverage>
