{"/Users/franciscocabezas/Documents/TEL-335/2022_1/live_code/unit-tests/src/palindromo.js": {"path":"/Users/franciscocabezas/Documents/TEL-335/2022_1/live_code/unit-tests/src/palindromo.js","statementMap":{"0":{"start":{"line":1,"column":0},"end":{"line":7,"column":1}},"1":{"start":{"line":2,"column":4},"end":{"line":2,"column":27}},"2":{"start":{"line":2,"column":15},"end":{"line":2,"column":27}},"3":{"start":{"line":3,"column":22},"end":{"line":3,"column":38}},"4":{"start":{"line":4,"column":18},"end":{"line":4,"column":46}},"5":{"start":{"line":5,"column":4},"end":{"line":5,"column":37}},"6":{"start":{"line":5,"column":26},"end":{"line":5,"column":37}},"7":{"start":{"line":6,"column":4},"end":{"line":6,"column":16}},"8":{"start":{"line":9,"column":0},"end":{"line":17,"column":1}},"9":{"start":{"line":10,"column":4},"end":{"line":10,"column":27}},"10":{"start":{"line":10,"column":15},"end":{"line":10,"column":27}},"11":{"start":{"line":11,"column":12},"end":{"line":11,"column":27}},"12":{"start":{"line":12,"column":4},"end":{"line":15,"column":5}},"13":{"start":{"line":12,"column":17},"end":{"line":12,"column":18}},"14":{"start":{"line":13,"column":8},"end":{"line":13,"column":45}},"15":{"start":{"line":13,"column":33},"end":{"line":13,"column":45}},"16":{"start":{"line":14,"column":8},"end":{"line":14,"column":11}},"17":{"start":{"line":16,"column":4},"end":{"line":16,"column":15}}},"fnMap":{"0":{"name":"(anonymous_0)","decl":{"start":{"line":1,"column":23},"end":{"line":1,"column":24}},"loc":{"start":{"line":1,"column":33},"end":{"line":7,"column":1}},"line":1},"1":{"name":"(anonymous_1)","decl":{"start":{"line":9,"column":24},"end":{"line":9,"column":25}},"loc":{"start":{"line":9,"column":34},"end":{"line":17,"column":1}},"line":9}},"branchMap":{"0":{"loc":{"start":{"line":2,"column":4},"end":{"line":2,"column":27}},"type":"if","locations":[{"start":{"line":2,"column":4},"end":{"line":2,"column":27}},{"start":{"line":2,"column":4},"end":{"line":2,"column":27}}],"line":2},"1":{"loc":{"start":{"line":5,"column":4},"end":{"line":5,"column":37}},"type":"if","locations":[{"start":{"line":5,"column":4},"end":{"line":5,"column":37}},{"start":{"line":5,"column":4},"end":{"line":5,"column":37}}],"line":5},"2":{"loc":{"start":{"line":10,"column":4},"end":{"line":10,"column":27}},"type":"if","locations":[{"start":{"line":10,"column":4},"end":{"line":10,"column":27}},{"start":{"line":10,"column":4},"end":{"line":10,"column":27}}],"line":10},"3":{"loc":{"start":{"line":13,"column":8},"end":{"line":13,"column":45}},"type":"if","locations":[{"start":{"line":13,"column":8},"end":{"line":13,"column":45}},{"start":{"line":13,"column":8},"end":{"line":13,"column":45}}],"line":13}},"s":{"0":1,"1":4,"2":2,"3":2,"4":2,"5":2,"6":1,"7":1,"8":1,"9":2,"10":0,"11":2,"12":2,"13":2,"14":3,"15":1,"16":2,"17":1},"f":{"0":4,"1":2},"b":{"0":[2,2],"1":[1,1],"2":[0,2],"3":[1,2]},"_coverageSchema":"1a1c01bbd47fc00a2c39e90264f33305004495a9","hash":"ff4e2282205f5e060ad20e987143be5af7a7f6ed"}
}
